<?xml version="1.0" encoding="UTF-8"?>
<testng-results ignored="0" total="2" passed="2" failed="0" skipped="0">
  <reporter-output>
  </reporter-output>
  <suite started-at="2022-08-12T14:58:18 IST" name="Default suite" finished-at="2022-08-12T14:58:23 IST" duration-ms="4447">
    <groups>
    </groups>
    <test started-at="2022-08-12T14:58:18 IST" name="Default test" finished-at="2022-08-12T14:58:23 IST" duration-ms="4447">
      <class name="Tests.testExamples">
        <test-method signature="test_1()[pri:0, instance:Tests.testExamples@26275bef]" started-at="2022-08-12T14:58:18 IST" name="test_1" finished-at="2022-08-12T14:58:21 IST" duration-ms="3170" status="PASS">
          <reporter-output>
          </reporter-output>
        </test-method> <!-- test_1 -->
        <test-method signature="test_2()[pri:0, instance:Tests.testExamples@26275bef]" started-at="2022-08-12T14:58:21 IST" name="test_2" finished-at="2022-08-12T14:58:23 IST" duration-ms="1195" status="PASS">
          <reporter-output>
          </reporter-output>
        </test-method> <!-- test_2 -->
      </class> <!-- Tests.testExamples -->
    </test> <!-- Default test -->
  </suite> <!-- Default suite -->
</testng-results>
